<?xml version="1.0" encoding="UTF-8"?>
<!-- Generated by org.testng.reporters.JUnitReportReporter -->
<testsuite hostname="LENOVO-PC" name="example.NewTest" tests="1" failures="0" timestamp="19 Mar 2017 12:54:36 GMT" time="61.975" errors="0">
  <testcase name="testEasy" time="61.975" classname="example.NewTest"/>
</testsuite> <!-- example.NewTest -->
