<?xml version="1.0" encoding="UTF-8"?>
<!-- Generated by org.testng.reporters.JUnitReportReporter -->
<testsuite hostname="LENOVO-PC" name="example.NewTest" tests="1" failures="0" timestamp="21 Mar 2017 02:22:41 GMT" time="15.084" errors="0">
  <testcase name="testEasy" time="15.084" classname="example.NewTest"/>
</testsuite> <!-- example.NewTest -->
